[debug] [2025-06-15T17:51:02.813Z] ----------------------------------------------------------------------
[debug] [2025-06-15T17:51:02.820Z] Command:       C:\Program Files\nodejs\node.exe C:\Users\joseph.moreno\AppData\Roaming\npm\node_modules\firebase-tools\lib\bin\firebase.js init hosting
[debug] [2025-06-15T17:51:02.821Z] CLI Version:   14.7.0
[debug] [2025-06-15T17:51:02.821Z] Platform:      win32
[debug] [2025-06-15T17:51:02.821Z] Node Version:  v22.16.0
[debug] [2025-06-15T17:51:02.822Z] Time:          Sun Jun 15 2025 19:51:02 GMT+0200 (hora de verano de Europa central)
[debug] [2025-06-15T17:51:02.822Z] ----------------------------------------------------------------------
[debug] 
[debug] [2025-06-15T17:51:03.153Z] > command requires scopes: ["email","openid","https://www.googleapis.com/auth/cloudplatformprojects.readonly","https://www.googleapis.com/auth/firebase","https://www.googleapis.com/auth/cloud-platform"]
[debug] [2025-06-15T17:51:03.153Z] > authorizing via signed-in user (jo.moreno@correo.unimet.edu.ve)
[info] 
     ######## #### ########  ######## ########     ###     ######  ########
     ##        ##  ##     ## ##       ##     ##  ##   ##  ##       ##
     ######    ##  ########  ######   ########  #########  ######  ######
     ##        ##  ##    ##  ##       ##     ## ##     ##       ## ##
     ##       #### ##     ## ######## ########  ##     ##  ######  ########

You're about to initialize a Firebase project in this directory:

  C:\Users\joseph.moreno\Desktop\llega-unimet

Before we get started, keep in mind:

  * You are initializing within an existing Firebase project directory

[info] 
=== Project Setup
[info] 
[info] First, let's associate this project directory with a Firebase project.
[info] You can create multiple project aliases by running firebase use --add, 
[info] but for now we'll just set up a default project.
[info] 
[debug] [2025-06-15T17:51:06.713Z] Using project from CLI flag: llega-unimet
[debug] [2025-06-15T17:51:06.715Z] Checked if tokens are valid: true, expires at: 1750012301462
[debug] [2025-06-15T17:51:06.715Z] Checked if tokens are valid: true, expires at: 1750012301462
[debug] [2025-06-15T17:51:06.717Z] >>> [apiv2][query] GET https://firebase.googleapis.com/v1beta1/projects/llega-unimet [none]
[debug] [2025-06-15T17:51:07.243Z] <<< [apiv2][status] GET https://firebase.googleapis.com/v1beta1/projects/llega-unimet 200
[debug] [2025-06-15T17:51:07.243Z] <<< [apiv2][body] GET https://firebase.googleapis.com/v1beta1/projects/llega-unimet {"projectId":"llega-unimet","projectNumber":"3835931466","displayName":"Llega-unimet","name":"projects/llega-unimet","resources":{"hostingSite":"llega-unimet"},"state":"ACTIVE","etag":"1_dcb67c73-0c1c-4c36-980d-a248a9c4f950"}
[info] i  Using project llega-unimet (Llega-unimet) 
[info] 
=== Hosting Setup
[debug] [2025-06-15T17:51:07.288Z] Checked if tokens are valid: true, expires at: 1750012301462
[debug] [2025-06-15T17:51:07.288Z] Checked if tokens are valid: true, expires at: 1750012301462
[debug] [2025-06-15T17:51:07.288Z] >>> [apiv2][query] GET https://firebase.googleapis.com/v1beta1/projects/llega-unimet [none]
[debug] [2025-06-15T17:51:07.558Z] <<< [apiv2][status] GET https://firebase.googleapis.com/v1beta1/projects/llega-unimet 200
[debug] [2025-06-15T17:51:07.558Z] <<< [apiv2][body] GET https://firebase.googleapis.com/v1beta1/projects/llega-unimet {"projectId":"llega-unimet","projectNumber":"3835931466","displayName":"Llega-unimet","name":"projects/llega-unimet","resources":{"hostingSite":"llega-unimet"},"state":"ACTIVE","etag":"1_dcb67c73-0c1c-4c36-980d-a248a9c4f950"}
[info] 
[info] Your public directory is the folder (relative to your project directory) that
[info] will contain Hosting assets to be uploaded with firebase deploy. If you
[info] have a build process for your assets, use your build's output directory.
[info] 
[debug] [2025-06-15T17:51:16.001Z] >>> [apiv2][query] GET https://www.gstatic.com/firebasejs/releases.json [none]
[debug] [2025-06-15T17:51:16.337Z] <<< [apiv2][status] GET https://www.gstatic.com/firebasejs/releases.json 200
[debug] [2025-06-15T17:51:16.337Z] <<< [apiv2][body] GET https://www.gstatic.com/firebasejs/releases.json {"current":{"version":"11.9.1","browserURL":"https://www.gstatic.com/firebasejs/11.9.1/firebase.js","packageURL":"https://www.gstatic.com/firebasejs/11.9.1/firebase.tgz"},"live":{"version":"11.9","browserURL":"https://www.gstatic.com/firebasejs/live/11.9/firebase.js","packageURL":"https://www.gstatic.com/firebasejs/live/11.9/firebase.tgz"},"components":{"ai":"https://www.gstatic.com/firebasejs/11.9.1/firebase-ai.js","analytics":"https://www.gstatic.com/firebasejs/11.9.1/firebase-analytics.js","app":"https://www.gstatic.com/firebasejs/11.9.1/firebase-app.js","app-check":"https://www.gstatic.com/firebasejs/11.9.1/firebase-app-check.js","auth":"https://www.gstatic.com/firebasejs/11.9.1/firebase-auth.js","auth/cordova":"https://www.gstatic.com/firebasejs/11.9.1/firebase-auth/cordova.js","auth/web-extension":"https://www.gstatic.com/firebasejs/11.9.1/firebase-auth/web-extension.js","functions":"https://www.gstatic.com/firebasejs/11.9.1/firebase-functions.js","firestore":"https://www.gstatic.com/firebasejs/11.9.1/firebase-firestore.js","firestore/lite":"https://www.gstatic.com/firebasejs/11.9.1/firebase-firestore/lite.js","installations":"https://www.gstatic.com/firebasejs/11.9.1/firebase-installations.js","storage":"https://www.gstatic.com/firebasejs/11.9.1/firebase-storage.js","performance":"https://www.gstatic.com/firebasejs/11.9.1/firebase-performance.js","remote-config":"https://www.gstatic.com/firebasejs/11.9.1/firebase-remote-config.js","messaging":"https://www.gstatic.com/firebasejs/11.9.1/firebase-messaging.js","messaging/sw":"https://www.gstatic.com/firebasejs/11.9.1/firebase-messaging/sw.js","database":"https://www.gstatic.com/firebasejs/11.9.1/firebase-database.js","vertexai":"https://www.gstatic.com/firebasejs/11.9.1/firebase-vertexai.js","data-connect":"https://www.gstatic.com/firebasejs/11.9.1/firebase-data-connect.js","firestore.memory":"https://www.gstatic.com/firebasejs/11.9.1/firebase-firestore.memory.js"}}
[info] i  public/index.html is unchanged 
[info] 
[info] i  Didn't detect a .git folder. Assuming C:\Users\joseph.moreno\Desktop\llega-unimet is the project root. 
[info] i  Authorizing with GitHub to upload your service account to a GitHub repository's secrets store. 
[info] 
[info] Visit this URL on this device to log in:
[info] https://github.com/login/oauth/authorize?client_id=89cf50f02ac6aaed3484&state=365759938&redirect_uri=http%3A%2F%2Flocalhost%3A9005&scope=read%3Auser%20repo%20public_repo
[info] 
[info] Waiting for authentication...
[debug] [2025-06-15T17:51:17.188Z] >>> [apiv2][query] POST https://github.com/login/oauth/access_token [none]
[debug] [2025-06-15T17:51:17.188Z] >>> [apiv2][body] POST https://github.com/login/oauth/access_token [stream]
[debug] [2025-06-15T17:51:17.593Z] <<< [apiv2][status] POST https://github.com/login/oauth/access_token 200
[debug] [2025-06-15T17:51:17.593Z] <<< [apiv2][body] POST https://github.com/login/oauth/access_token {"access_token":"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","token_type":"bearer","scope":"read:user,repo"}
[debug] [2025-06-15T17:51:17.598Z] >>> [apiv2][query] GET https://api.github.com/user [none]
[debug] [2025-06-15T17:51:18.015Z] <<< [apiv2][status] GET https://api.github.com/user 200
[debug] [2025-06-15T17:51:18.015Z] <<< [apiv2][body] GET https://api.github.com/user {"login":"jomorecodin","id":191549161,"node_id":"U_kgDOC2rO6Q","avatar_url":"https://avatars.githubusercontent.com/u/191549161?v=4","gravatar_id":"","url":"https://api.github.com/users/jomorecodin","html_url":"https://github.com/jomorecodin","followers_url":"https://api.github.com/users/jomorecodin/followers","following_url":"https://api.github.com/users/jomorecodin/following{/other_user}","gists_url":"https://api.github.com/users/jomorecodin/gists{/gist_id}","starred_url":"https://api.github.com/users/jomorecodin/starred{/owner}{/repo}","subscriptions_url":"https://api.github.com/users/jomorecodin/subscriptions","organizations_url":"https://api.github.com/users/jomorecodin/orgs","repos_url":"https://api.github.com/users/jomorecodin/repos","events_url":"https://api.github.com/users/jomorecodin/events{/privacy}","received_events_url":"https://api.github.com/users/jomorecodin/received_events","type":"User","user_view_type":"private","site_admin":false,"name":"Yakomello","company":null,"blog":"","location":null,"email":null,"hireable":null,"bio":null,"twitter_username":null,"notification_email":null,"public_repos":8,"public_gists":0,"followers":0,"following":0,"created_at":"2024-12-13T03:57:05Z","updated_at":"2025-06-15T17:34:53Z","private_gists":0,"total_private_repos":2,"owned_private_repos":2,"disk_usage":115,"collaborators":0,"two_factor_authentication":false,"plan":{"name":"free","space":976562499,"collaborators":0,"private_repos":10000}}
[info] 
[info] +  Success! Logged into GitHub as jomorecodin 
[info] 
[debug] [2025-06-15T17:53:28.763Z] >>> [apiv2][query] GET https://api.github.com/repos/jomorecodin/llega-unimet/actions/secrets/public-key type=owner
[debug] [2025-06-15T17:53:29.109Z] <<< [apiv2][status] GET https://api.github.com/repos/jomorecodin/llega-unimet/actions/secrets/public-key 401
[debug] [2025-06-15T17:53:29.110Z] <<< [apiv2][body] GET https://api.github.com/repos/jomorecodin/llega-unimet/actions/secrets/public-key {"message":"Bad credentials","documentation_url":"https://docs.github.com/rest","status":"401"}
[debug] [2025-06-15T17:53:33.691Z] >>> [apiv2][query] GET https://api.github.com/repos/jomorecodin/llega-unimet/actions/secrets/public-key type=owner
[debug] [2025-06-15T17:53:33.800Z] <<< [apiv2][status] GET https://api.github.com/repos/jomorecodin/llega-unimet/actions/secrets/public-key 401
[debug] [2025-06-15T17:53:33.800Z] <<< [apiv2][body] GET https://api.github.com/repos/jomorecodin/llega-unimet/actions/secrets/public-key {"message":"Bad credentials","documentation_url":"https://docs.github.com/rest","status":"401"}
[debug] [2025-06-15T17:53:34.138Z] >>> [apiv2][query] GET https://api.github.com/repos/jomorecodin/llega-unimet/actions/secrets/public-key type=owner
[debug] [2025-06-15T17:53:34.244Z] <<< [apiv2][status] GET https://api.github.com/repos/jomorecodin/llega-unimet/actions/secrets/public-key 401
[debug] [2025-06-15T17:53:34.244Z] <<< [apiv2][body] GET https://api.github.com/repos/jomorecodin/llega-unimet/actions/secrets/public-key {"message":"Bad credentials","documentation_url":"https://docs.github.com/rest","status":"401"}
[debug] [2025-06-15T17:53:36.962Z] >>> [apiv2][query] GET https://api.github.com/repos/jomorecodin/llega-unimet/actions/secrets/public-key type=owner
[debug] [2025-06-15T17:53:37.067Z] <<< [apiv2][status] GET https://api.github.com/repos/jomorecodin/llega-unimet/actions/secrets/public-key 401
[debug] [2025-06-15T17:53:37.068Z] <<< [apiv2][body] GET https://api.github.com/repos/jomorecodin/llega-unimet/actions/secrets/public-key {"message":"Bad credentials","documentation_url":"https://docs.github.com/rest","status":"401"}
[debug] [2025-06-15T17:54:01.436Z] >>> [apiv2][query] GET https://api.github.com/repos/jomorecodin/llega-unimet/actions/secrets/public-key type=owner
[debug] [2025-06-15T17:54:01.698Z] <<< [apiv2][status] GET https://api.github.com/repos/jomorecodin/llega-unimet/actions/secrets/public-key 401
[debug] [2025-06-15T17:54:01.698Z] <<< [apiv2][body] GET https://api.github.com/repos/jomorecodin/llega-unimet/actions/secrets/public-key {"message":"Bad credentials","documentation_url":"https://docs.github.com/rest","status":"401"}
